\BOOKMARK [0][-]{Table of Contents.0}{TABLE OF CONTENTS}{}% 1
\BOOKMARK [0][-]{LIST OF TABLES.0}{LIST OF TABLES}{}% 2
\BOOKMARK [0][-]{LIST OF FIGURES.0}{LIST OF FIGURES}{}% 3
\BOOKMARK [0][-]{chapter.1}{ \040I. Introduction}{}% 4
\BOOKMARK [1][-]{section.1.1}{ I.1 Preliminaries}{chapter.1}% 5
\BOOKMARK [1][-]{section.1.2}{ I.2 Background}{chapter.1}% 6
\BOOKMARK [2][-]{subsection.1.2.1}{ I.2.1 First Background Subsection}{section.1.2}% 7
\BOOKMARK [2][-]{subsection.1.2.2}{ I.2.2 Second Background Subsection}{section.1.2}% 8
\BOOKMARK [1][-]{section.1.3}{ I.3 Aims}{chapter.1}% 9
\BOOKMARK [2][-]{subsection.1.3.1}{ I.3.1 Aim 1: Do something cool}{section.1.3}% 10
\BOOKMARK [2][-]{subsection.1.3.2}{ I.3.2 Aim 2: Do something else}{section.1.3}% 11
\BOOKMARK [2][-]{subsection.1.3.3}{ I.3.3 Aim 3: Graduate}{section.1.3}% 12
\BOOKMARK [0][-]{chapter.2}{ \040II. First Publishable Paper }{}% 13
\BOOKMARK [1][-]{section.2.1}{ II.1 Summary}{chapter.2}% 14
\BOOKMARK [1][-]{section.2.2}{ II.2 First Section of Publication}{chapter.2}% 15
\BOOKMARK [1][-]{section.2.3}{ II.3 Floats}{chapter.2}% 16
\BOOKMARK [2][-]{subsection.2.3.1}{ II.3.1 Tables}{section.2.3}% 17
\BOOKMARK [1][-]{section.2.4}{ II.4 Discussion}{chapter.2}% 18
\BOOKMARK [0][-]{chapter.3}{ \040III. Second Publishable Paper }{}% 19
\BOOKMARK [1][-]{section.3.1}{ III.1 Summary}{chapter.3}% 20
\BOOKMARK [1][-]{section.3.2}{ III.2 Intro}{chapter.3}% 21
\BOOKMARK [1][-]{section.3.3}{ III.3 Details}{chapter.3}% 22
\BOOKMARK [1][-]{section.3.4}{ III.4 Discussion}{chapter.3}% 23
\BOOKMARK [0][-]{chapter.4}{ \040IV. Third Publishable Paper }{}% 24
\BOOKMARK [1][-]{section.4.1}{ IV.1 Summary}{chapter.4}% 25
\BOOKMARK [1][-]{section.4.2}{ IV.2 Details}{chapter.4}% 26
\BOOKMARK [2][-]{subsection.4.2.1}{ IV.2.1 Details Part 1}{section.4.2}% 27
\BOOKMARK [2][-]{subsection.4.2.2}{ IV.2.2 Details Part 2}{section.4.2}% 28
\BOOKMARK [1][-]{section.4.3}{ IV.3 Discussion}{chapter.4}% 29
\BOOKMARK [0][-]{chapter.5}{ \040V. Discussion }{}% 30
\BOOKMARK [1][-]{section.5.1}{ V.1 Summary of Dissertation}{chapter.5}% 31
\BOOKMARK [1][-]{section.5.2}{ V.2 Continuing Work}{chapter.5}% 32
\BOOKMARK [0][-]{appendix.A}{ \040A. Abbreviations and Notation }{}% 33
\BOOKMARK [1][-]{section.A.1}{ A.1 Abbreviations}{appendix.A}% 34
\BOOKMARK [1][-]{section.A.2}{ A.2 Mathematic Notation}{appendix.A}% 35
\BOOKMARK [2][-]{subsection.A.2.1}{ A.2.1 General Notation}{section.A.2}% 36
\BOOKMARK [2][-]{subsection.A.2.2}{ A.2.2 Sets}{section.A.2}% 37
\BOOKMARK [2][-]{subsection.A.2.3}{ A.2.3 Statistical Distributions}{section.A.2}% 38
\BOOKMARK [0][-]{appendix.B}{ \040B. Appendix Header}{}% 39
